{"level":"info","message":"Connected to MongoDB: mongodb://localhost:27017/pm-aggregator","service":"pm-aggregator","timestamp":"2024-08-13T16:34:14.080Z"}
{"level":"info","message":"Server is running on port 3001","service":"pm-aggregator","timestamp":"2024-08-13T16:34:14.088Z"}
{"level":"info","message":"Connected to MongoDB: mongodb://localhost:27017/pm-aggregator","service":"pm-aggregator","timestamp":"2024-08-13T16:34:29.616Z"}
{"level":"info","message":"Server is running on port 3001","service":"pm-aggregator","timestamp":"2024-08-13T16:34:29.625Z"}
{"level":"info","message":"Running scheduled price update","service":"pm-aggregator","timestamp":"2024-08-13T16:35:00.950Z"}
{"level":"info","message":"Starting price update process","service":"pm-aggregator","timestamp":"2024-08-13T16:35:00.951Z"}
{"level":"error","message":"Admin settings not found","service":"pm-aggregator","timestamp":"2024-08-13T16:35:00.959Z"}
{"level":"info","message":"Connected to MongoDB: mongodb://localhost:27017/pm-aggregator","service":"pm-aggregator","timestamp":"2024-08-13T16:35:29.437Z"}
{"level":"info","message":"Server is running on port 3001","service":"pm-aggregator","timestamp":"2024-08-13T16:35:29.445Z"}
{"level":"info","message":"Running scheduled price update","service":"pm-aggregator","timestamp":"2024-08-13T16:36:00.738Z"}
{"level":"info","message":"Starting price update process","service":"pm-aggregator","timestamp":"2024-08-13T16:36:00.739Z"}
{"level":"error","message":"Admin settings not found","service":"pm-aggregator","timestamp":"2024-08-13T16:36:00.746Z"}
{"level":"info","message":"Running scheduled price update","service":"pm-aggregator","timestamp":"2024-08-13T16:37:00.260Z"}
{"level":"info","message":"Starting price update process","service":"pm-aggregator","timestamp":"2024-08-13T16:37:00.261Z"}
{"level":"error","message":"Admin settings not found","service":"pm-aggregator","timestamp":"2024-08-13T16:37:00.263Z"}
{"level":"info","message":"Connected to MongoDB: mongodb://localhost:27017/pm-aggregator","service":"pm-aggregator","timestamp":"2024-08-13T16:37:14.388Z"}
{"level":"info","message":"Server is running on port 3001","service":"pm-aggregator","timestamp":"2024-08-13T16:37:14.396Z"}
{"level":"info","message":"Connected to MongoDB: mongodb://localhost:27017/pm-aggregator","service":"pm-aggregator","timestamp":"2024-08-13T16:37:28.181Z"}
{"level":"info","message":"Server is running on port 3001","service":"pm-aggregator","timestamp":"2024-08-13T16:37:28.189Z"}
{"level":"info","message":"Connected to MongoDB: mongodb://localhost:27017/pm-aggregator","service":"pm-aggregator","timestamp":"2024-08-13T16:37:44.266Z"}
{"level":"info","message":"Server is running on port 3001","service":"pm-aggregator","timestamp":"2024-08-13T16:37:44.277Z"}
{"level":"info","message":"Running scheduled price update","service":"pm-aggregator","timestamp":"2024-08-13T16:38:00.432Z"}
{"level":"info","message":"Starting price update process","service":"pm-aggregator","timestamp":"2024-08-13T16:38:00.433Z"}
{"level":"error","message":"Admin settings not found","service":"pm-aggregator","timestamp":"2024-08-13T16:38:00.440Z"}
{"level":"info","message":"Connected to MongoDB: mongodb://localhost:27017/pm-aggregator","service":"pm-aggregator","timestamp":"2024-08-13T16:40:16.368Z"}
{"level":"info","message":"Server is running on port 3001","service":"pm-aggregator","timestamp":"2024-08-13T16:40:16.377Z"}
{"level":"info","message":"Running scheduled price update","service":"pm-aggregator","timestamp":"2024-08-13T16:41:00.764Z"}
{"level":"info","message":"Starting price update process","service":"pm-aggregator","timestamp":"2024-08-13T16:41:00.765Z"}
{"level":"error","message":"Admin settings not found","service":"pm-aggregator","timestamp":"2024-08-13T16:41:00.769Z"}
{"level":"info","message":"Running scheduled price update","service":"pm-aggregator","timestamp":"2024-08-13T16:42:00.354Z"}
{"level":"info","message":"Starting price update process","service":"pm-aggregator","timestamp":"2024-08-13T16:42:00.355Z"}
{"level":"error","message":"Admin settings not found","service":"pm-aggregator","timestamp":"2024-08-13T16:42:00.358Z"}
{"level":"info","message":"Running scheduled price update","service":"pm-aggregator","timestamp":"2024-08-13T16:43:00.890Z"}
{"level":"info","message":"Starting price update process","service":"pm-aggregator","timestamp":"2024-08-13T16:43:00.890Z"}
{"level":"error","message":"Admin settings not found","service":"pm-aggregator","timestamp":"2024-08-13T16:43:00.893Z"}
{"level":"info","message":"Running scheduled price update","service":"pm-aggregator","timestamp":"2024-08-13T16:44:00.342Z"}
{"level":"info","message":"Starting price update process","service":"pm-aggregator","timestamp":"2024-08-13T16:44:00.343Z"}
{"level":"error","message":"Admin settings not found","service":"pm-aggregator","timestamp":"2024-08-13T16:44:00.346Z"}
{"level":"info","message":"Running scheduled price update","service":"pm-aggregator","timestamp":"2024-08-13T16:45:00.915Z"}
{"level":"info","message":"Starting price update process","service":"pm-aggregator","timestamp":"2024-08-13T16:45:00.915Z"}
{"level":"error","message":"Admin settings not found","service":"pm-aggregator","timestamp":"2024-08-13T16:45:00.918Z"}
{"level":"info","message":"Connected to MongoDB: mongodb://localhost:27017/pm-aggregator","service":"pm-aggregator","timestamp":"2024-08-14T10:57:47.417Z"}
{"level":"info","message":"Server is running on port 3001","service":"pm-aggregator","timestamp":"2024-08-14T10:57:47.425Z"}
{"level":"info","message":"Running scheduled price update","service":"pm-aggregator","timestamp":"2024-08-14T10:58:00.575Z"}
{"level":"info","message":"Starting price update process","service":"pm-aggregator","timestamp":"2024-08-14T10:58:00.576Z"}
{"level":"info","message":"Price update process completed","service":"pm-aggregator","timestamp":"2024-08-14T10:58:00.587Z"}
{"level":"info","message":"Running scheduled price update","service":"pm-aggregator","timestamp":"2024-08-14T10:59:00.177Z"}
{"level":"info","message":"Starting price update process","service":"pm-aggregator","timestamp":"2024-08-14T10:59:00.178Z"}
{"level":"info","message":"Price update process completed","service":"pm-aggregator","timestamp":"2024-08-14T10:59:00.181Z"}
{"level":"info","message":"Connected to MongoDB: mongodb://localhost:27017/pm-aggregator","service":"pm-aggregator","timestamp":"2024-08-15T16:38:18.083Z"}
{"level":"info","message":"Server is running on port 3001","service":"pm-aggregator","timestamp":"2024-08-15T16:38:18.092Z"}
{"level":"info","message":"Running scheduled price update","service":"pm-aggregator","timestamp":"2024-08-15T16:39:00.508Z"}
{"level":"info","message":"Starting price update process","service":"pm-aggregator","timestamp":"2024-08-15T16:39:00.509Z"}
{"level":"info","message":"Price update process completed","service":"pm-aggregator","timestamp":"2024-08-15T16:39:00.515Z"}
{"level":"info","message":"Running scheduled price update","service":"pm-aggregator","timestamp":"2024-08-15T16:40:00.141Z"}
{"level":"info","message":"Starting price update process","service":"pm-aggregator","timestamp":"2024-08-15T16:40:00.141Z"}
{"level":"info","message":"Price update process completed","service":"pm-aggregator","timestamp":"2024-08-15T16:40:00.144Z"}
{"level":"info","message":"Running scheduled price update","service":"pm-aggregator","timestamp":"2024-08-15T16:41:00.694Z"}
{"level":"info","message":"Starting price update process","service":"pm-aggregator","timestamp":"2024-08-15T16:41:00.694Z"}
{"level":"info","message":"Price update process completed","service":"pm-aggregator","timestamp":"2024-08-15T16:41:00.697Z"}
{"level":"info","message":"Running scheduled price update","service":"pm-aggregator","timestamp":"2024-08-15T16:42:00.184Z"}
{"level":"info","message":"Starting price update process","service":"pm-aggregator","timestamp":"2024-08-15T16:42:00.184Z"}
{"level":"info","message":"Price update process completed","service":"pm-aggregator","timestamp":"2024-08-15T16:42:00.187Z"}
{"level":"info","message":"Running scheduled price update","service":"pm-aggregator","timestamp":"2024-08-15T16:43:00.712Z"}
{"level":"info","message":"Starting price update process","service":"pm-aggregator","timestamp":"2024-08-15T16:43:00.713Z"}
{"level":"info","message":"Price update process completed","service":"pm-aggregator","timestamp":"2024-08-15T16:43:00.715Z"}
{"level":"info","message":"Running scheduled price update","service":"pm-aggregator","timestamp":"2024-08-15T16:44:00.334Z"}
{"level":"info","message":"Starting price update process","service":"pm-aggregator","timestamp":"2024-08-15T16:44:00.335Z"}
{"level":"info","message":"Price update process completed","service":"pm-aggregator","timestamp":"2024-08-15T16:44:00.338Z"}
{"level":"info","message":"Running scheduled price update","service":"pm-aggregator","timestamp":"2024-08-15T16:45:00.916Z"}
{"level":"info","message":"Starting price update process","service":"pm-aggregator","timestamp":"2024-08-15T16:45:00.916Z"}
{"level":"info","message":"Price update process completed","service":"pm-aggregator","timestamp":"2024-08-15T16:45:00.918Z"}
{"level":"info","message":"Running scheduled price update","service":"pm-aggregator","timestamp":"2024-08-15T16:46:00.489Z"}
{"level":"info","message":"Starting price update process","service":"pm-aggregator","timestamp":"2024-08-15T16:46:00.490Z"}
{"level":"info","message":"Price update process completed","service":"pm-aggregator","timestamp":"2024-08-15T16:46:00.492Z"}
{"level":"info","message":"Connected to MongoDB: mongodb://localhost:27017/pm-aggregator","service":"pm-aggregator","timestamp":"2024-08-15T16:46:19.735Z"}
{"level":"info","message":"Server is running on port 3001","service":"pm-aggregator","timestamp":"2024-08-15T16:46:19.745Z"}
{"level":"info","message":"Running scheduled price update","service":"pm-aggregator","timestamp":"2024-08-15T16:47:00.110Z"}
{"level":"info","message":"Starting price update process","service":"pm-aggregator","timestamp":"2024-08-15T16:47:00.111Z"}
{"level":"info","message":"Price update process completed","service":"pm-aggregator","timestamp":"2024-08-15T16:47:00.114Z"}
{"level":"info","message":"Running scheduled price update","service":"pm-aggregator","timestamp":"2024-08-15T16:48:00.682Z"}
{"level":"info","message":"Starting price update process","service":"pm-aggregator","timestamp":"2024-08-15T16:48:00.683Z"}
{"level":"info","message":"Price update process completed","service":"pm-aggregator","timestamp":"2024-08-15T16:48:00.686Z"}
{"level":"info","message":"Running scheduled price update","service":"pm-aggregator","timestamp":"2024-08-15T16:49:00.295Z"}
{"level":"info","message":"Starting price update process","service":"pm-aggregator","timestamp":"2024-08-15T16:49:00.295Z"}
{"level":"info","message":"Price update process completed","service":"pm-aggregator","timestamp":"2024-08-15T16:49:00.298Z"}
{"level":"info","message":"Connected to MongoDB: mongodb://localhost:27017/pm-aggregator","service":"pm-aggregator","timestamp":"2024-08-15T17:04:41.595Z"}
{"level":"info","message":"Server is running on port 3001","service":"pm-aggregator","timestamp":"2024-08-15T17:04:41.604Z"}
{"level":"info","message":"Running scheduled price update","service":"pm-aggregator","timestamp":"2024-08-15T17:05:00.803Z"}
{"level":"info","message":"Starting price update process","service":"pm-aggregator","timestamp":"2024-08-15T17:05:00.805Z"}
{"level":"warn","message":"Failed to get price for contract 66be3514e706e2778710eb60","service":"pm-aggregator","timestamp":"2024-08-15T17:05:01.033Z"}
{"level":"warn","message":"Failed to get price for contract 66be3520e706e2778710eb62","service":"pm-aggregator","timestamp":"2024-08-15T17:05:01.239Z"}
{"level":"info","message":"Price update process completed","service":"pm-aggregator","timestamp":"2024-08-15T17:05:01.240Z"}
